  Application.cpp
  Asteroids.cpp
  Bullets.cpp
D:\AIE Work\AIE_Asteroids_GameJam\Asteroids\Bullets.cpp(26,27): warning C4244: 'argument': conversion from 'float' to 'int', possible loss of data
D:\AIE Work\AIE_Asteroids_GameJam\Asteroids\Bullets.cpp(26,18): warning C4244: 'argument': conversion from 'float' to 'int', possible loss of data
  EndGameMenu.cpp
D:\AIE Work\AIE_Asteroids_GameJam\Asteroids\EndGameMenu.cpp(19,41): warning C4244: 'argument': conversion from 'float' to 'int', possible loss of data
D:\AIE Work\AIE_Asteroids_GameJam\Asteroids\EndGameMenu.cpp(20,62): warning C4244: 'argument': conversion from 'float' to 'int', possible loss of data
D:\AIE Work\AIE_Asteroids_GameJam\Asteroids\EndGameMenu.cpp(33,32): warning C4838: conversion from 'int' to 'float' requires a narrowing conversion
D:\AIE Work\AIE_Asteroids_GameJam\Asteroids\EndGameMenu.cpp(33,32): warning C4244: 'initializing': conversion from 'int' to 'float', possible loss of data
D:\AIE Work\AIE_Asteroids_GameJam\Asteroids\EndGameMenu.cpp(33,45): warning C4838: conversion from 'int' to 'float' requires a narrowing conversion
D:\AIE Work\AIE_Asteroids_GameJam\Asteroids\EndGameMenu.cpp(33,45): warning C4244: 'initializing': conversion from 'int' to 'float', possible loss of data
  GameObject.cpp
  InstructionsMenu.cpp
  mainAsteroids.cpp
  Player.cpp
D:\AIE Work\AIE_Asteroids_GameJam\Asteroids\Player.cpp(64,32): warning C4838: conversion from 'int' to 'float' requires a narrowing conversion
D:\AIE Work\AIE_Asteroids_GameJam\Asteroids\Player.cpp(64,32): warning C4244: 'initializing': conversion from 'int' to 'float', possible loss of data
D:\AIE Work\AIE_Asteroids_GameJam\Asteroids\Player.cpp(64,45): warning C4838: conversion from 'int' to 'float' requires a narrowing conversion
D:\AIE Work\AIE_Asteroids_GameJam\Asteroids\Player.cpp(64,45): warning C4244: 'initializing': conversion from 'int' to 'float', possible loss of data
  StartMenu.cpp
D:\AIE Work\AIE_Asteroids_GameJam\Asteroids\StartMenu.cpp(28,41): warning C4244: 'argument': conversion from 'float' to 'int', possible loss of data
D:\AIE Work\AIE_Asteroids_GameJam\Asteroids\StartMenu.cpp(39,32): warning C4838: conversion from 'int' to 'float' requires a narrowing conversion
D:\AIE Work\AIE_Asteroids_GameJam\Asteroids\StartMenu.cpp(39,32): warning C4244: 'initializing': conversion from 'int' to 'float', possible loss of data
D:\AIE Work\AIE_Asteroids_GameJam\Asteroids\StartMenu.cpp(39,45): warning C4838: conversion from 'int' to 'float' requires a narrowing conversion
D:\AIE Work\AIE_Asteroids_GameJam\Asteroids\StartMenu.cpp(39,45): warning C4244: 'initializing': conversion from 'int' to 'float', possible loss of data
  Generating code
  Previous IPDB not found, fall back to full compilation.
  All 207 functions were compiled because no usable IPDB/IOBJ from previous compilation was found.
  Finished generating code
  Asteroids.vcxproj -> D:\AIE Work\AIE_Asteroids_GameJam\Asteroids\bin\x64\Release\Asteroids.exe
